<?xml version="1.0" encoding="UTF-8"?>
<testsuite xmlns:xsi="http://www.w3.org/2001/XMLSchema-instance" xsi:noNamespaceSchemaLocation="https://maven.apache.org/surefire/maven-surefire-plugin/xsd/surefire-test-report.xsd" name="com.evaluation.EvaluationApplicationTests" time="8.28" tests="1" errors="0" skipped="0" failures="0">
  <properties>
    <property name="sun.desktop" value="windows"/>
    <property name="awt.toolkit" value="sun.awt.windows.WToolkit"/>
    <property name="file.encoding.pkg" value="sun.io"/>
    <property name="java.specification.version" value="1.8"/>
    <property name="sun.cpu.isalist" value="amd64"/>
    <property name="sun.jnu.encoding" value="GBK"/>
    <property name="java.class.path" value="E:\evaluation\target\test-classes;E:\evaluation\target\classes;D:\bdckofmaven\org\springframework\boot\spring-boot-starter-jdbc\2.1.3.RELEASE\spring-boot-starter-jdbc-2.1.3.RELEASE.jar;D:\bdckofmaven\org\springframework\boot\spring-boot-starter\2.1.3.RELEASE\spring-boot-starter-2.1.3.RELEASE.jar;D:\bdckofmaven\org\springframework\boot\spring-boot-starter-logging\2.1.3.RELEASE\spring-boot-starter-logging-2.1.3.RELEASE.jar;D:\bdckofmaven\ch\qos\logback\logback-classic\1.2.3\logback-classic-1.2.3.jar;D:\bdckofmaven\ch\qos\logback\logback-core\1.2.3\logback-core-1.2.3.jar;D:\bdckofmaven\org\apache\logging\log4j\log4j-to-slf4j\2.11.2\log4j-to-slf4j-2.11.2.jar;D:\bdckofmaven\org\apache\logging\log4j\log4j-api\2.11.2\log4j-api-2.11.2.jar;D:\bdckofmaven\org\slf4j\jul-to-slf4j\1.7.25\jul-to-slf4j-1.7.25.jar;D:\bdckofmaven\org\yaml\snakeyaml\1.23\snakeyaml-1.23.jar;D:\bdckofmaven\com\zaxxer\HikariCP\3.2.0\HikariCP-3.2.0.jar;D:\bdckofmaven\org\slf4j\slf4j-api\1.7.25\slf4j-api-1.7.25.jar;D:\bdckofmaven\org\springframework\spring-jdbc\5.1.5.RELEASE\spring-jdbc-5.1.5.RELEASE.jar;D:\bdckofmaven\org\springframework\spring-beans\5.1.5.RELEASE\spring-beans-5.1.5.RELEASE.jar;D:\bdckofmaven\org\springframework\spring-tx\5.1.5.RELEASE\spring-tx-5.1.5.RELEASE.jar;D:\bdckofmaven\org\springframework\boot\spring-boot-starter-web\2.1.3.RELEASE\spring-boot-starter-web-2.1.3.RELEASE.jar;D:\bdckofmaven\org\springframework\boot\spring-boot-starter-json\2.1.3.RELEASE\spring-boot-starter-json-2.1.3.RELEASE.jar;D:\bdckofmaven\com\fasterxml\jackson\datatype\jackson-datatype-jdk8\2.9.8\jackson-datatype-jdk8-2.9.8.jar;D:\bdckofmaven\com\fasterxml\jackson\datatype\jackson-datatype-jsr310\2.9.8\jackson-datatype-jsr310-2.9.8.jar;D:\bdckofmaven\com\fasterxml\jackson\module\jackson-module-parameter-names\2.9.8\jackson-module-parameter-names-2.9.8.jar;D:\bdckofmaven\org\hibernate\validator\hibernate-validator\6.0.14.Final\hibernate-validator-6.0.14.Final.jar;D:\bdckofmaven\javax\validation\validation-api\2.0.1.Final\validation-api-2.0.1.Final.jar;D:\bdckofmaven\org\jboss\logging\jboss-logging\3.3.2.Final\jboss-logging-3.3.2.Final.jar;D:\bdckofmaven\com\fasterxml\classmate\1.4.0\classmate-1.4.0.jar;D:\bdckofmaven\org\springframework\spring-web\5.1.5.RELEASE\spring-web-5.1.5.RELEASE.jar;D:\bdckofmaven\org\springframework\spring-webmvc\5.1.5.RELEASE\spring-webmvc-5.1.5.RELEASE.jar;D:\bdckofmaven\org\springframework\spring-aop\5.1.5.RELEASE\spring-aop-5.1.5.RELEASE.jar;D:\bdckofmaven\org\springframework\spring-context\5.1.5.RELEASE\spring-context-5.1.5.RELEASE.jar;D:\bdckofmaven\org\springframework\spring-expression\5.1.5.RELEASE\spring-expression-5.1.5.RELEASE.jar;D:\bdckofmaven\com\fasterxml\jackson\core\jackson-databind\2.9.8\jackson-databind-2.9.8.jar;D:\bdckofmaven\com\fasterxml\jackson\core\jackson-annotations\2.9.0\jackson-annotations-2.9.0.jar;D:\bdckofmaven\com\fasterxml\jackson\core\jackson-core\2.9.8\jackson-core-2.9.8.jar;D:\bdckofmaven\mysql\mysql-connector-java\8.0.15\mysql-connector-java-8.0.15.jar;D:\bdckofmaven\org\projectlombok\lombok\1.18.6\lombok-1.18.6.jar;D:\bdckofmaven\org\springframework\boot\spring-boot-starter-tomcat\2.1.3.RELEASE\spring-boot-starter-tomcat-2.1.3.RELEASE.jar;D:\bdckofmaven\javax\annotation\javax.annotation-api\1.3.2\javax.annotation-api-1.3.2.jar;D:\bdckofmaven\org\apache\tomcat\embed\tomcat-embed-core\9.0.16\tomcat-embed-core-9.0.16.jar;D:\bdckofmaven\org\apache\tomcat\embed\tomcat-embed-el\9.0.16\tomcat-embed-el-9.0.16.jar;D:\bdckofmaven\org\apache\tomcat\embed\tomcat-embed-websocket\9.0.16\tomcat-embed-websocket-9.0.16.jar;D:\bdckofmaven\org\springframework\boot\spring-boot-starter-test\2.1.3.RELEASE\spring-boot-starter-test-2.1.3.RELEASE.jar;D:\bdckofmaven\org\springframework\boot\spring-boot-test\2.1.3.RELEASE\spring-boot-test-2.1.3.RELEASE.jar;D:\bdckofmaven\org\springframework\boot\spring-boot-test-autoconfigure\2.1.3.RELEASE\spring-boot-test-autoconfigure-2.1.3.RELEASE.jar;D:\bdckofmaven\com\jayway\jsonpath\json-path\2.4.0\json-path-2.4.0.jar;D:\bdckofmaven\net\minidev\json-smart\2.3\json-smart-2.3.jar;D:\bdckofmaven\net\minidev\accessors-smart\1.2\accessors-smart-1.2.jar;D:\bdckofmaven\org\ow2\asm\asm\5.0.4\asm-5.0.4.jar;D:\bdckofmaven\junit\junit\4.12\junit-4.12.jar;D:\bdckofmaven\org\assertj\assertj-core\3.11.1\assertj-core-3.11.1.jar;D:\bdckofmaven\org\mockito\mockito-core\2.23.4\mockito-core-2.23.4.jar;D:\bdckofmaven\net\bytebuddy\byte-buddy\1.9.10\byte-buddy-1.9.10.jar;D:\bdckofmaven\net\bytebuddy\byte-buddy-agent\1.9.10\byte-buddy-agent-1.9.10.jar;D:\bdckofmaven\org\objenesis\objenesis\2.6\objenesis-2.6.jar;D:\bdckofmaven\org\hamcrest\hamcrest-core\1.3\hamcrest-core-1.3.jar;D:\bdckofmaven\org\hamcrest\hamcrest-library\1.3\hamcrest-library-1.3.jar;D:\bdckofmaven\org\skyscreamer\jsonassert\1.5.0\jsonassert-1.5.0.jar;D:\bdckofmaven\com\vaadin\external\google\android-json\0.0.20131108.vaadin1\android-json-0.0.20131108.vaadin1.jar;D:\bdckofmaven\org\springframework\spring-core\5.1.5.RELEASE\spring-core-5.1.5.RELEASE.jar;D:\bdckofmaven\org\springframework\spring-jcl\5.1.5.RELEASE\spring-jcl-5.1.5.RELEASE.jar;D:\bdckofmaven\org\springframework\spring-test\5.1.5.RELEASE\spring-test-5.1.5.RELEASE.jar;D:\bdckofmaven\org\xmlunit\xmlunit-core\2.6.2\xmlunit-core-2.6.2.jar;D:\bdckofmaven\org\mybatis\spring\boot\mybatis-spring-boot-starter\1.3.2\mybatis-spring-boot-starter-1.3.2.jar;D:\bdckofmaven\org\mybatis\spring\boot\mybatis-spring-boot-autoconfigure\1.3.2\mybatis-spring-boot-autoconfigure-1.3.2.jar;D:\bdckofmaven\org\mybatis\mybatis\3.4.6\mybatis-3.4.6.jar;D:\bdckofmaven\org\mybatis\mybatis-spring\1.3.2\mybatis-spring-1.3.2.jar;D:\bdckofmaven\com\alibaba\fastjson\1.2.51\fastjson-1.2.51.jar;D:\bdckofmaven\org\springframework\boot\spring-boot-starter-freemarker\2.1.3.RELEASE\spring-boot-starter-freemarker-2.1.3.RELEASE.jar;D:\bdckofmaven\org\freemarker\freemarker\2.3.28\freemarker-2.3.28.jar;D:\bdckofmaven\org\springframework\spring-context-support\5.1.5.RELEASE\spring-context-support-5.1.5.RELEASE.jar;D:\bdckofmaven\javax\servlet\javax.servlet-api\4.0.1\javax.servlet-api-4.0.1.jar;D:\bdckofmaven\org\springframework\boot\spring-boot-devtools\2.1.3.RELEASE\spring-boot-devtools-2.1.3.RELEASE.jar;D:\bdckofmaven\org\springframework\boot\spring-boot\2.1.3.RELEASE\spring-boot-2.1.3.RELEASE.jar;D:\bdckofmaven\org\springframework\boot\spring-boot-autoconfigure\2.1.3.RELEASE\spring-boot-autoconfigure-2.1.3.RELEASE.jar;"/>
    <property name="java.vm.vendor" value="Oracle Corporation"/>
    <property name="sun.arch.data.model" value="64"/>
    <property name="user.variant" value=""/>
    <property name="java.vendor.url" value="http://java.oracle.com/"/>
    <property name="user.timezone" value="Asia/Shanghai"/>
    <property name="java.vm.specification.version" value="1.8"/>
    <property name="os.name" value="Windows 10"/>
    <property name="user.country" value="CN"/>
    <property name="sun.java.launcher" value="SUN_STANDARD"/>
    <property name="sun.boot.library.path" value="D:\Program Files\Java\jdk1.8.0_151\jre\bin"/>
    <property name="sun.java.command" value="C:\Users\ADMINI~1\AppData\Local\Temp\surefire1831191434029454440\surefirebooter4251178922304340218.jar C:\Users\Administrator\AppData\Local\Temp\surefire1831191434029454440 2020-02-16T13-29-10_416-jvmRun1 surefire1324170994486497033tmp surefire_02789382439466560727tmp"/>
    <property name="surefire.test.class.path" value="E:\evaluation\target\test-classes;E:\evaluation\target\classes;D:\bdckofmaven\org\springframework\boot\spring-boot-starter-jdbc\2.1.3.RELEASE\spring-boot-starter-jdbc-2.1.3.RELEASE.jar;D:\bdckofmaven\org\springframework\boot\spring-boot-starter\2.1.3.RELEASE\spring-boot-starter-2.1.3.RELEASE.jar;D:\bdckofmaven\org\springframework\boot\spring-boot-starter-logging\2.1.3.RELEASE\spring-boot-starter-logging-2.1.3.RELEASE.jar;D:\bdckofmaven\ch\qos\logback\logback-classic\1.2.3\logback-classic-1.2.3.jar;D:\bdckofmaven\ch\qos\logback\logback-core\1.2.3\logback-core-1.2.3.jar;D:\bdckofmaven\org\apache\logging\log4j\log4j-to-slf4j\2.11.2\log4j-to-slf4j-2.11.2.jar;D:\bdckofmaven\org\apache\logging\log4j\log4j-api\2.11.2\log4j-api-2.11.2.jar;D:\bdckofmaven\org\slf4j\jul-to-slf4j\1.7.25\jul-to-slf4j-1.7.25.jar;D:\bdckofmaven\org\yaml\snakeyaml\1.23\snakeyaml-1.23.jar;D:\bdckofmaven\com\zaxxer\HikariCP\3.2.0\HikariCP-3.2.0.jar;D:\bdckofmaven\org\slf4j\slf4j-api\1.7.25\slf4j-api-1.7.25.jar;D:\bdckofmaven\org\springframework\spring-jdbc\5.1.5.RELEASE\spring-jdbc-5.1.5.RELEASE.jar;D:\bdckofmaven\org\springframework\spring-beans\5.1.5.RELEASE\spring-beans-5.1.5.RELEASE.jar;D:\bdckofmaven\org\springframework\spring-tx\5.1.5.RELEASE\spring-tx-5.1.5.RELEASE.jar;D:\bdckofmaven\org\springframework\boot\spring-boot-starter-web\2.1.3.RELEASE\spring-boot-starter-web-2.1.3.RELEASE.jar;D:\bdckofmaven\org\springframework\boot\spring-boot-starter-json\2.1.3.RELEASE\spring-boot-starter-json-2.1.3.RELEASE.jar;D:\bdckofmaven\com\fasterxml\jackson\datatype\jackson-datatype-jdk8\2.9.8\jackson-datatype-jdk8-2.9.8.jar;D:\bdckofmaven\com\fasterxml\jackson\datatype\jackson-datatype-jsr310\2.9.8\jackson-datatype-jsr310-2.9.8.jar;D:\bdckofmaven\com\fasterxml\jackson\module\jackson-module-parameter-names\2.9.8\jackson-module-parameter-names-2.9.8.jar;D:\bdckofmaven\org\hibernate\validator\hibernate-validator\6.0.14.Final\hibernate-validator-6.0.14.Final.jar;D:\bdckofmaven\javax\validation\validation-api\2.0.1.Final\validation-api-2.0.1.Final.jar;D:\bdckofmaven\org\jboss\logging\jboss-logging\3.3.2.Final\jboss-logging-3.3.2.Final.jar;D:\bdckofmaven\com\fasterxml\classmate\1.4.0\classmate-1.4.0.jar;D:\bdckofmaven\org\springframework\spring-web\5.1.5.RELEASE\spring-web-5.1.5.RELEASE.jar;D:\bdckofmaven\org\springframework\spring-webmvc\5.1.5.RELEASE\spring-webmvc-5.1.5.RELEASE.jar;D:\bdckofmaven\org\springframework\spring-aop\5.1.5.RELEASE\spring-aop-5.1.5.RELEASE.jar;D:\bdckofmaven\org\springframework\spring-context\5.1.5.RELEASE\spring-context-5.1.5.RELEASE.jar;D:\bdckofmaven\org\springframework\spring-expression\5.1.5.RELEASE\spring-expression-5.1.5.RELEASE.jar;D:\bdckofmaven\com\fasterxml\jackson\core\jackson-databind\2.9.8\jackson-databind-2.9.8.jar;D:\bdckofmaven\com\fasterxml\jackson\core\jackson-annotations\2.9.0\jackson-annotations-2.9.0.jar;D:\bdckofmaven\com\fasterxml\jackson\core\jackson-core\2.9.8\jackson-core-2.9.8.jar;D:\bdckofmaven\mysql\mysql-connector-java\8.0.15\mysql-connector-java-8.0.15.jar;D:\bdckofmaven\org\projectlombok\lombok\1.18.6\lombok-1.18.6.jar;D:\bdckofmaven\org\springframework\boot\spring-boot-starter-tomcat\2.1.3.RELEASE\spring-boot-starter-tomcat-2.1.3.RELEASE.jar;D:\bdckofmaven\javax\annotation\javax.annotation-api\1.3.2\javax.annotation-api-1.3.2.jar;D:\bdckofmaven\org\apache\tomcat\embed\tomcat-embed-core\9.0.16\tomcat-embed-core-9.0.16.jar;D:\bdckofmaven\org\apache\tomcat\embed\tomcat-embed-el\9.0.16\tomcat-embed-el-9.0.16.jar;D:\bdckofmaven\org\apache\tomcat\embed\tomcat-embed-websocket\9.0.16\tomcat-embed-websocket-9.0.16.jar;D:\bdckofmaven\org\springframework\boot\spring-boot-starter-test\2.1.3.RELEASE\spring-boot-starter-test-2.1.3.RELEASE.jar;D:\bdckofmaven\org\springframework\boot\spring-boot-test\2.1.3.RELEASE\spring-boot-test-2.1.3.RELEASE.jar;D:\bdckofmaven\org\springframework\boot\spring-boot-test-autoconfigure\2.1.3.RELEASE\spring-boot-test-autoconfigure-2.1.3.RELEASE.jar;D:\bdckofmaven\com\jayway\jsonpath\json-path\2.4.0\json-path-2.4.0.jar;D:\bdckofmaven\net\minidev\json-smart\2.3\json-smart-2.3.jar;D:\bdckofmaven\net\minidev\accessors-smart\1.2\accessors-smart-1.2.jar;D:\bdckofmaven\org\ow2\asm\asm\5.0.4\asm-5.0.4.jar;D:\bdckofmaven\junit\junit\4.12\junit-4.12.jar;D:\bdckofmaven\org\assertj\assertj-core\3.11.1\assertj-core-3.11.1.jar;D:\bdckofmaven\org\mockito\mockito-core\2.23.4\mockito-core-2.23.4.jar;D:\bdckofmaven\net\bytebuddy\byte-buddy\1.9.10\byte-buddy-1.9.10.jar;D:\bdckofmaven\net\bytebuddy\byte-buddy-agent\1.9.10\byte-buddy-agent-1.9.10.jar;D:\bdckofmaven\org\objenesis\objenesis\2.6\objenesis-2.6.jar;D:\bdckofmaven\org\hamcrest\hamcrest-core\1.3\hamcrest-core-1.3.jar;D:\bdckofmaven\org\hamcrest\hamcrest-library\1.3\hamcrest-library-1.3.jar;D:\bdckofmaven\org\skyscreamer\jsonassert\1.5.0\jsonassert-1.5.0.jar;D:\bdckofmaven\com\vaadin\external\google\android-json\0.0.20131108.vaadin1\android-json-0.0.20131108.vaadin1.jar;D:\bdckofmaven\org\springframework\spring-core\5.1.5.RELEASE\spring-core-5.1.5.RELEASE.jar;D:\bdckofmaven\org\springframework\spring-jcl\5.1.5.RELEASE\spring-jcl-5.1.5.RELEASE.jar;D:\bdckofmaven\org\springframework\spring-test\5.1.5.RELEASE\spring-test-5.1.5.RELEASE.jar;D:\bdckofmaven\org\xmlunit\xmlunit-core\2.6.2\xmlunit-core-2.6.2.jar;D:\bdckofmaven\org\mybatis\spring\boot\mybatis-spring-boot-starter\1.3.2\mybatis-spring-boot-starter-1.3.2.jar;D:\bdckofmaven\org\mybatis\spring\boot\mybatis-spring-boot-autoconfigure\1.3.2\mybatis-spring-boot-autoconfigure-1.3.2.jar;D:\bdckofmaven\org\mybatis\mybatis\3.4.6\mybatis-3.4.6.jar;D:\bdckofmaven\org\mybatis\mybatis-spring\1.3.2\mybatis-spring-1.3.2.jar;D:\bdckofmaven\com\alibaba\fastjson\1.2.51\fastjson-1.2.51.jar;D:\bdckofmaven\org\springframework\boot\spring-boot-starter-freemarker\2.1.3.RELEASE\spring-boot-starter-freemarker-2.1.3.RELEASE.jar;D:\bdckofmaven\org\freemarker\freemarker\2.3.28\freemarker-2.3.28.jar;D:\bdckofmaven\org\springframework\spring-context-support\5.1.5.RELEASE\spring-context-support-5.1.5.RELEASE.jar;D:\bdckofmaven\javax\servlet\javax.servlet-api\4.0.1\javax.servlet-api-4.0.1.jar;D:\bdckofmaven\org\springframework\boot\spring-boot-devtools\2.1.3.RELEASE\spring-boot-devtools-2.1.3.RELEASE.jar;D:\bdckofmaven\org\springframework\boot\spring-boot\2.1.3.RELEASE\spring-boot-2.1.3.RELEASE.jar;D:\bdckofmaven\org\springframework\boot\spring-boot-autoconfigure\2.1.3.RELEASE\spring-boot-autoconfigure-2.1.3.RELEASE.jar;"/>
    <property name="sun.cpu.endian" value="little"/>
    <property name="user.home" value="C:\Users\Administrator"/>
    <property name="user.language" value="zh"/>
    <property name="java.specification.vendor" value="Oracle Corporation"/>
    <property name="java.home" value="D:\Program Files\Java\jdk1.8.0_151\jre"/>
    <property name="basedir" value="E:\evaluation"/>
    <property name="file.separator" value="\"/>
    <property name="line.separator" value="&#10;"/>
    <property name="idea.version2019.2.4" value="true"/>
    <property name="java.vm.specification.vendor" value="Oracle Corporation"/>
    <property name="java.specification.name" value="Java Platform API Specification"/>
    <property name="java.awt.graphicsenv" value="sun.awt.Win32GraphicsEnvironment"/>
    <property name="surefire.real.class.path" value="C:\Users\ADMINI~1\AppData\Local\Temp\surefire1831191434029454440\surefirebooter4251178922304340218.jar"/>
    <property name="sun.boot.class.path" value="D:\Program Files\Java\jdk1.8.0_151\jre\lib\resources.jar;D:\Program Files\Java\jdk1.8.0_151\jre\lib\rt.jar;D:\Program Files\Java\jdk1.8.0_151\jre\lib\sunrsasign.jar;D:\Program Files\Java\jdk1.8.0_151\jre\lib\jsse.jar;D:\Program Files\Java\jdk1.8.0_151\jre\lib\jce.jar;D:\Program Files\Java\jdk1.8.0_151\jre\lib\charsets.jar;D:\Program Files\Java\jdk1.8.0_151\jre\lib\jfr.jar;D:\Program Files\Java\jdk1.8.0_151\jre\classes"/>
    <property name="user.script" value=""/>
    <property name="sun.management.compiler" value="HotSpot 64-Bit Tiered Compilers"/>
    <property name="java.runtime.version" value="1.8.0_151-b12"/>
    <property name="user.name" value="Administrator"/>
    <property name="path.separator" value=";"/>
    <property name="os.version" value="10.0"/>
    <property name="java.endorsed.dirs" value="D:\Program Files\Java\jdk1.8.0_151\jre\lib\endorsed"/>
    <property name="java.runtime.name" value="Java(TM) SE Runtime Environment"/>
    <property name="file.encoding" value="GBK"/>
    <property name="java.vm.name" value="Java HotSpot(TM) 64-Bit Server VM"/>
    <property name="localRepository" value="D:\bdckofmaven"/>
    <property name="java.vendor.url.bug" value="http://bugreport.sun.com/bugreport/"/>
    <property name="java.io.tmpdir" value="C:\Users\ADMINI~1\AppData\Local\Temp\"/>
    <property name="java.version" value="1.8.0_151"/>
    <property name="user.dir" value="E:\evaluation"/>
    <property name="os.arch" value="amd64"/>
    <property name="java.vm.specification.name" value="Java Virtual Machine Specification"/>
    <property name="java.awt.printerjob" value="sun.awt.windows.WPrinterJob"/>
    <property name="sun.os.patch.level" value=""/>
    <property name="java.library.path" value="D:\Program Files\Java\jdk1.8.0_151\jre\bin;C:\WINDOWS\Sun\Java\bin;C:\WINDOWS\system32;C:\WINDOWS;C:\WINDOWS\system32;C:\WINDOWS;C:\WINDOWS\System32\Wbem;C:\WINDOWS\System32\WindowsPowerShell\v1.0\;D:\apache-maven-3.5.3\bin;D:\Program Files\Java\jdk1.8.0_151\bin;D:\mysqlandtools\bin;C:\WINDOWS\System32\OpenSSH\;D:\git\Git\cmd;C:\Users\Administrator\AppData\Local\Microsoft\WindowsApps;;D:\IntelliJ IDEA 2019.2.3\bin;;C:\Users\Administrator\AppData\Local\Programs\Fiddler;."/>
    <property name="java.vm.info" value="mixed mode"/>
    <property name="java.vendor" value="Oracle Corporation"/>
    <property name="java.vm.version" value="25.151-b12"/>
    <property name="java.ext.dirs" value="D:\Program Files\Java\jdk1.8.0_151\jre\lib\ext;C:\WINDOWS\Sun\Java\lib\ext"/>
    <property name="sun.io.unicode.encoding" value="UnicodeLittle"/>
    <property name="java.class.version" value="52.0"/>
  </properties>
  <testcase name="contextLoads" classname="com.evaluation.EvaluationApplicationTests" time="1.372"/>
</testsuite>